Arguments: 
  C:\Program Files\nodejs\node.exe C:\Users\zpb\AppData\Roaming\npm\node_modules\yarn\bin\yarn.js install

PATH: 
  C:\Program Files (x86)\NVIDIA Corporation\PhysX\Common;C:\Python27\;C:\Python27\Scripts;C:\WINDOWS\system32;C:\WINDOWS;C:\WINDOWS\System32\Wbem;C:\WINDOWS\System32\WindowsPowerShell\v1.0\;C:\WINDOWS\System32\OpenSSH\;C:\Program Files\nodejs\;C:\Program Files\Git\cmd;C:\Program Files\OpenSSL-Win64\bin;C:\Program Files\Microsoft SQL Server\Client SDK\ODBC\110\Tools\Binn\;C:\Program Files (x86)\Microsoft SQL Server\120\Tools\Binn\;C:\Program Files\Microsoft SQL Server\120\Tools\Binn\;C:\Program Files\Microsoft SQL Server\120\DTS\Binn\;C:\Program Files (x86)\Windows Kits\8.1\Windows Performance Toolkit\;C:\Users\zpb\AppData\Local\Microsoft\WindowsApps;C:\Users\zpb\AppData\Roaming\npm;C:\Users\zpb\AppData\Local\GitHubDesktop\bin;C:\Users\zpb\AppData\Local\Microsoft\WindowsApps;;C:\Users\zpb\AppData\Local\Programs\Microsoft VS Code\bin

Yarn version: 
  1.22.4

Node version: 
  12.18.2

Platform: 
  win32 x64

Trace: 
  Error: https://registry.npmjs.org/lx-ast: Not found
      at Request.params.callback [as _callback] (C:\Users\zpb\AppData\Roaming\npm\node_modules\yarn\lib\cli.js:66987:18)
      at Request.self.callback (C:\Users\zpb\AppData\Roaming\npm\node_modules\yarn\lib\cli.js:140748:22)
      at Request.emit (events.js:315:20)
      at Request.<anonymous> (C:\Users\zpb\AppData\Roaming\npm\node_modules\yarn\lib\cli.js:141720:10)
      at Request.emit (events.js:315:20)
      at IncomingMessage.<anonymous> (C:\Users\zpb\AppData\Roaming\npm\node_modules\yarn\lib\cli.js:141642:12)
      at Object.onceWrapper (events.js:421:28)
      at IncomingMessage.emit (events.js:327:22)
      at endReadableNT (_stream_readable.js:1221:12)
      at processTicksAndRejections (internal/process/task_queues.js:84:21)

npm manifest: 
  {
    "name": "client",
    "version": "1.0.0",
    "description": "",
    "main": "index.js",
    "author": "",
    "license": "ISC",
    "scripts": {
      "dev": "vite",
      "test": "jest",
      "test-c": "jest --coverage",
      "build": "tsc && vite build"
    },
    "bugs": {
      "url": "https://github.com/likeadoge/lx-project/issues"
    },
    "dependencies": {
      "lit-element": "^2.4.0",
      "lx-ast": "^0.0.0",
      "lx-component": "^0.0.0",
      "lx-node": "^0.0.0",
      "lx-reactive": "^0.0.0",
      "lx-style": "^0.0.0",
      "lx-vm-canvas": "^0.0.0"
    },
    "devDependencies": {
      "@types/jest": "^26.0.23",
      "jest": "^27.0.3",
      "ts-jest": "^27.0.1",
      "typescript": "^4.3.2",
      "vite": "^2.3.4"
    }
  }

yarn manifest: 
  No manifest

Lockfile: 
  No lockfile
